2022-11-08 22:17:23,066 INFO actor.py[line:169]                actor[_run_episode] 139890151749440 [{'hero': 'luban', 'skill': 'frenzy'}, {'hero': 'luban', 'skill': 'frenzy'}]
2022-11-08 22:17:23,089 WARNING deprecation.py[line:323]                deprecation[new_func] 139890151749440 From /usr/local/lib/python3.6/site-packages/tensorflow/python/training/saver.py:1276: checkpoint_exists (from tensorflow.python.training.checkpoint_management) is deprecated and will be removed in a future version.
Instructions for updating:
Use standard file APIs to check for files with this prefix.
2022-11-08 22:17:23,095 INFO saver.py[line:1280]                saver[restore] 139890151749440 Restoring parameters from /mnt/ramdisk/model/aFWc0PxNQMO1wTXUFLUWMxGdTHeVJmhw/checkpoint/model.ckpt
2022-11-08 22:17:23,535 INFO saver.py[line:1280]                saver[restore] 139890151749440 Restoring parameters from /mnt/ramdisk/model/aFWc0PxNQMO1wTXUFLUWMxGdTHeVJmhw/checkpoint/model.ckpt
2022-11-08 22:19:18,291 INFO actor.py[line:271]                actor[_run_episode] 139890151749440 Tower ActorType.ACTOR_TOWER in camp Camp.PLAYERCAMP_1, hp: 2959
2022-11-08 22:19:18,293 INFO actor.py[line:271]                actor[_run_episode] 139890151749440 Tower ActorType.ACTOR_TOWER in camp Camp.PLAYERCAMP_2, hp: 0
2022-11-08 22:19:18,294 INFO actor.py[line:271]                actor[_run_episode] 139890151749440 Tower ActorType.ACTOR_CRYSTAL in camp Camp.PLAYERCAMP_1, hp: 7000
2022-11-08 22:19:18,295 INFO actor.py[line:271]                actor[_run_episode] 139890151749440 Tower ActorType.ACTOR_CRYSTAL in camp Camp.PLAYERCAMP_2, hp: 0
2022-11-08 22:19:18,823 INFO actor.py[line:324]                actor[_print_info] 139890151749440 ==================================================
2022-11-08 22:19:18,824 INFO actor.py[line:325]                actor[_print_info] 139890151749440 game_id : b'0.0.0.0_1607_0_20221108221729_148'
2022-11-08 22:19:18,829 INFO actor.py[line:334]                actor[_print_info] 139890151749440 aiprocess_process | sum: 31055.796000000002 mean:9.596970333745364 max:475.635 times:3236
2022-11-08 22:19:18,831 INFO actor.py[line:334]                actor[_print_info] 139890151749440 sample_manger_format_data | sum: 343.361 mean:343.361 max:343.361 times:1
2022-11-08 22:19:18,836 INFO actor.py[line:334]                actor[_print_info] 139890151749440 agent_process | sum: 32077.504 mean:19.825404202719408 max:861.459 times:1618
2022-11-08 22:19:18,839 INFO actor.py[line:334]                actor[_print_info] 139890151749440 step | sum: 68972.756 mean:42.62840296662546 max:388.141 times:1618
2022-11-08 22:19:18,845 INFO actor.py[line:334]                actor[_print_info] 139890151749440 save_sample | sum: 706.842 mean:0.21843077873918418 max:6.692 times:3236
2022-11-08 22:19:18,851 INFO actor.py[line:334]                actor[_print_info] 139890151749440 one_frame | sum: 101306.39799999999 mean:62.61211248454882 max:900.189 times:1618
2022-11-08 22:19:18,853 INFO actor.py[line:334]                actor[_print_info] 139890151749440 one_episode | sum: 115756.754 mean:115756.754 max:115756.754 times:1
2022-11-08 22:19:18,854 INFO actor.py[line:334]                actor[_print_info] 139890151749440 reset | sum: 8806.547 mean:8806.547 max:8806.547 times:1
2022-11-08 22:19:18,856 INFO actor.py[line:337]                actor[_print_info] 139890151749440 ==================================================
2022-11-08 22:19:18,858 INFO actor.py[line:350]                actor[_print_info] 139890151749440 Agent is_main:False, type:network, camp:Camp.PLAYERCAMP_1,reward:27.484, win:1, win_112:1,h_act_rate:1.0
2022-11-08 22:19:18,860 INFO actor.py[line:359]                actor[_print_info] 139890151749440 Agent is_main:False, money_per_frame:0.90, kill:2, death:1, hurt_pf:19.88
2022-11-08 22:19:18,868 INFO actor.py[line:350]                actor[_print_info] 139890151749440 Agent is_main:False, type:network, camp:Camp.PLAYERCAMP_2,reward:-33.923, win:-1, win_112:-1,h_act_rate:1.0
2022-11-08 22:19:18,889 INFO actor.py[line:359]                actor[_print_info] 139890151749440 Agent is_main:False, money_per_frame:0.65, kill:1, death:2, hurt_pf:15.67
2022-11-08 22:19:18,892 INFO actor.py[line:393]                actor[_print_info] 139890151749440 game info length:4900
2022-11-08 22:19:18,894 INFO actor.py[line:395]                actor[_print_info] 139890151749440 ==================================================
2022-11-08 22:19:18,896 INFO actor.py[line:169]                actor[_run_episode] 139890151749440 [{'hero': 'luban', 'skill': 'frenzy'}, {'hero': 'luban', 'skill': 'frenzy'}]
