2022-11-08 22:17:22,930 INFO actor.py[line:169]                actor[_run_episode] 139876637271872 [{'hero': 'luban', 'skill': 'frenzy'}, {'hero': 'luban', 'skill': 'frenzy'}]
2022-11-08 22:17:22,954 WARNING deprecation.py[line:323]                deprecation[new_func] 139876637271872 From /usr/local/lib/python3.6/site-packages/tensorflow/python/training/saver.py:1276: checkpoint_exists (from tensorflow.python.training.checkpoint_management) is deprecated and will be removed in a future version.
Instructions for updating:
Use standard file APIs to check for files with this prefix.
2022-11-08 22:17:22,961 INFO saver.py[line:1280]                saver[restore] 139876637271872 Restoring parameters from /mnt/ramdisk/model/aFWc0PxNQMO1wTXUFLUWMxGdTHeVJmhw/checkpoint/model.ckpt
2022-11-08 22:18:59,984 INFO actor.py[line:271]                actor[_run_episode] 139876637271872 Tower ActorType.ACTOR_TOWER in camp Camp.PLAYERCAMP_1, hp: 904
2022-11-08 22:18:59,987 INFO actor.py[line:271]                actor[_run_episode] 139876637271872 Tower ActorType.ACTOR_TOWER in camp Camp.PLAYERCAMP_2, hp: 0
2022-11-08 22:18:59,989 INFO actor.py[line:271]                actor[_run_episode] 139876637271872 Tower ActorType.ACTOR_CRYSTAL in camp Camp.PLAYERCAMP_1, hp: 7000
2022-11-08 22:18:59,998 INFO actor.py[line:271]                actor[_run_episode] 139876637271872 Tower ActorType.ACTOR_CRYSTAL in camp Camp.PLAYERCAMP_2, hp: 0
2022-11-08 22:19:00,002 INFO actor.py[line:324]                actor[_print_info] 139876637271872 ==================================================
2022-11-08 22:19:00,008 INFO actor.py[line:325]                actor[_print_info] 139876637271872 game_id : b'0.0.0.0_1605_0_20221108221729_148'
2022-11-08 22:19:00,027 INFO actor.py[line:334]                actor[_print_info] 139876637271872 aiprocess_process | sum: 25646.199 mean:9.56947723880597 max:417.961 times:2680
2022-11-08 22:19:00,033 INFO actor.py[line:334]                actor[_print_info] 139876637271872 agent_process | sum: 26001.184999999998 mean:9.701934701492537 max:418.009 times:2680
2022-11-08 22:19:00,040 INFO actor.py[line:334]                actor[_print_info] 139876637271872 step | sum: 57806.334 mean:21.5695276119403 max:267.753 times:2680
2022-11-08 22:19:00,051 INFO actor.py[line:334]                actor[_print_info] 139876637271872 one_frame | sum: 84192.899 mean:31.415260820895526 max:433.767 times:2680
2022-11-08 22:19:00,054 INFO actor.py[line:334]                actor[_print_info] 139876637271872 one_episode | sum: 97071.848 mean:97071.848 max:97071.848 times:1
2022-11-08 22:19:00,069 INFO actor.py[line:334]                actor[_print_info] 139876637271872 reset | sum: 8416.356 mean:8416.356 max:8416.356 times:1
2022-11-08 22:19:00,072 INFO actor.py[line:337]                actor[_print_info] 139876637271872 ==================================================
2022-11-08 22:19:00,075 INFO actor.py[line:350]                actor[_print_info] 139876637271872 Agent is_main:True, type:network, camp:Camp.PLAYERCAMP_1,reward:-1.882, win:1, win_112:1,h_act_rate:1.0
2022-11-08 22:19:00,079 INFO actor.py[line:359]                actor[_print_info] 139876637271872 Agent is_main:True, money_per_frame:0.85, kill:2, death:3, hurt_pf:23.84
2022-11-08 22:19:00,081 INFO actor.py[line:103]                actor[upload_monitor_data] 139876637271872 {'reward': -1.8816059567034245}
2022-11-08 22:19:00,087 INFO actor.py[line:103]                actor[upload_monitor_data] 139876637271872 {'win': 1}
2022-11-08 22:19:00,095 INFO actor.py[line:103]                actor[upload_monitor_data] 139876637271872 {'hurt_per_frame': 23.83828996282528}
2022-11-08 22:19:00,101 INFO actor.py[line:103]                actor[upload_monitor_data] 139876637271872 {'money_per_frame': 0.8531598513011153}
2022-11-08 22:19:00,103 INFO actor.py[line:103]                actor[upload_monitor_data] 139876637271872 {'money_per_frame': 0.8531598513011153}
2022-11-08 22:19:00,105 INFO actor.py[line:103]                actor[upload_monitor_data] 139876637271872 {'totalHurtToHero': 38940}
2022-11-08 22:19:00,106 INFO actor.py[line:393]                actor[_print_info] 139876637271872 game info length:8070
2022-11-08 22:19:00,107 INFO actor.py[line:395]                actor[_print_info] 139876637271872 ==================================================
2022-11-08 22:19:00,111 INFO actor.py[line:169]                actor[_run_episode] 139876637271872 [{'hero': 'luban', 'skill': 'frenzy'}, {'hero': 'luban', 'skill': 'frenzy'}]
2022-11-08 22:19:00,232 INFO saver.py[line:1280]                saver[restore] 139876637271872 Restoring parameters from /mnt/ramdisk/model/aFWc0PxNQMO1wTXUFLUWMxGdTHeVJmhw/checkpoint/model.ckpt
